d:\users\tim\documents\visual studio projects\softwarerasterizer\forge\debug\vc140.pdb
d:\users\tim\documents\visual studio projects\softwarerasterizer\forge\debug\vc140.idb
d:\users\tim\documents\visual studio projects\softwarerasterizer\forge\debug\saveload.obj
d:\users\tim\documents\visual studio projects\softwarerasterizer\forge\debug\windowsmain.obj
d:\users\tim\documents\visual studio projects\softwarerasterizer\forge\debug\forge.obj
d:\users\tim\documents\visual studio projects\softwarerasterizer\forge\debug\forge.res
d:\users\tim\documents\visual studio projects\softwarerasterizer\forge\debug\forge.vcxprojresolveassemblyreference.cache
d:\users\tim\documents\visual studio projects\softwarerasterizer\debug\forge.pdb
d:\users\tim\documents\visual studio projects\softwarerasterizer\forge\debug\forge.tlog\cl.command.1.tlog
d:\users\tim\documents\visual studio projects\softwarerasterizer\forge\debug\forge.tlog\cl.read.1.tlog
d:\users\tim\documents\visual studio projects\softwarerasterizer\forge\debug\forge.tlog\cl.write.1.tlog
d:\users\tim\documents\visual studio projects\softwarerasterizer\forge\debug\forge.tlog\link.11692-cvtres.read.1.tlog
d:\users\tim\documents\visual studio projects\softwarerasterizer\forge\debug\forge.tlog\link.11692-cvtres.write.1.tlog
d:\users\tim\documents\visual studio projects\softwarerasterizer\forge\debug\forge.tlog\link.11692-rc.read.1.tlog
d:\users\tim\documents\visual studio projects\softwarerasterizer\forge\debug\forge.tlog\link.11692-rc.write.1.tlog
d:\users\tim\documents\visual studio projects\softwarerasterizer\forge\debug\forge.tlog\link.11692.read.1.tlog
d:\users\tim\documents\visual studio projects\softwarerasterizer\forge\debug\forge.tlog\link.11692.write.1.tlog
d:\users\tim\documents\visual studio projects\softwarerasterizer\forge\debug\forge.tlog\link.command.1.tlog
d:\users\tim\documents\visual studio projects\softwarerasterizer\forge\debug\forge.tlog\link.read.1.tlog
d:\users\tim\documents\visual studio projects\softwarerasterizer\forge\debug\forge.tlog\link.write.1.tlog
d:\users\tim\documents\visual studio projects\softwarerasterizer\forge\debug\forge.tlog\rc.command.1.tlog
d:\users\tim\documents\visual studio projects\softwarerasterizer\forge\debug\forge.tlog\rc.read.1.tlog
d:\users\tim\documents\visual studio projects\softwarerasterizer\forge\debug\forge.tlog\rc.write.1.tlog
