Build started 6/24/2014 4:07:21 AM.
     1>Project "C:\Users\Tim\Documents\Visual Studio Projects\SoftwareRasterizer\SoftwareRasterizer.vcxproj" on node 2 (Build target(s)).
     1>ClCompile:
         D:\Program Files (x86)\Visual Studio 2013 Proffesional\VC\bin\CL.exe /c /Zi /nologo /W3 /WX- /O2 /Oy- /D WIN32 /D NDEBUG /D _WINDOWS /D _MBCS /Gm- /EHsc /MT /GS /fp:precise /Zc:wchar_t /Zc:forScope /Fo"Release\\" /Fd"Release\vc120.pdb" /Gd /TP /analyze- /errorReport:prompt SoftwareRasterizer.cpp
         SoftwareRasterizer.cpp
     1>c:\users\tim\documents\visual studio projects\softwarerasterizer\UserInterface.h(157): warning C4018: '<' : signed/unsigned mismatch
     1>SoftwareRasterizer.cpp(316): warning C4996: 'sprintf': This function or variable may be unsafe. Consider using sprintf_s instead. To disable deprecation, use _CRT_SECURE_NO_WARNINGS. See online help for details.
                 D:\Program Files (x86)\Visual Studio 2013 Proffesional\VC\include\stdio.h(356) : see declaration of 'sprintf'
     1>SoftwareRasterizer.cpp(504): warning C4244: '=' : conversion from 'double' to 'int', possible loss of data
     1>SoftwareRasterizer.cpp(1956): warning C4018: '<' : signed/unsigned mismatch
     1>SoftwareRasterizer.cpp(1979): warning C4018: '<' : signed/unsigned mismatch
     1>SoftwareRasterizer.cpp(1991): warning C4018: '<' : signed/unsigned mismatch
     1>SoftwareRasterizer.cpp(2003): warning C4018: '<' : signed/unsigned mismatch
     1>SoftwareRasterizer.cpp(2162): warning C4101: 'worldTransform' : unreferenced local variable
     1>SoftwareRasterizer.cpp(2802): warning C4101: 'hdc' : unreferenced local variable
     1>c:\users\tim\documents\visual studio projects\softwarerasterizer\characterbitmaps.h(505): warning C4715: 'getCharBitmap' : not all control paths return a value
       Link:
         D:\Program Files (x86)\Visual Studio 2013 Proffesional\VC\bin\link.exe /ERRORREPORT:PROMPT /OUT:"Release\SoftwareRasterizer.exe" /INCREMENTAL:NO /NOLOGO ddraw.lib dxguid.lib kernel32.lib user32.lib gdi32.lib winspool.lib comdlg32.lib advapi32.lib shell32.lib ole32.lib oleaut32.lib uuid.lib odbc32.lib odbccp32.lib kernel32.lib user32.lib gdi32.lib winspool.lib comdlg32.lib advapi32.lib shell32.lib ole32.lib oleaut32.lib uuid.lib odbc32.lib odbccp32.lib /MANIFEST /MANIFESTUAC:"level='asInvoker' uiAccess='false'" /manifest:embed /DEBUG /PDB:"Release\SoftwareRasterizer.pdb" /SUBSYSTEM:WINDOWS /OPT:REF /OPT:ICF /TLBID:1 /DYNAMICBASE /NXCOMPAT /IMPLIB:"Release\SoftwareRasterizer.lib" /MACHINE:X86 /SAFESEH Release\MathSoftware.obj
         Release\SoftwareRasterizer.obj
         SoftwareRasterizer.vcxproj -> C:\Users\Tim\Documents\Visual Studio Projects\SoftwareRasterizer\Release\SoftwareRasterizer.exe
     1>Done Building Project "C:\Users\Tim\Documents\Visual Studio Projects\SoftwareRasterizer\SoftwareRasterizer.vcxproj" (Build target(s)).

Build succeeded.

Time Elapsed 00:00:01.57
