  UserInterface.cpp
c:\program files (x86)\microsoft directx sdk (june 2010)\include\dxgitype.h(12): warning C4005: 'DXGI_STATUS_OCCLUDED': macro redefinition
  c:\program files (x86)\windows kits\10\include\10.0.14393.0\shared\winerror.h(52391): note: see previous definition of 'DXGI_STATUS_OCCLUDED'
c:\program files (x86)\microsoft directx sdk (june 2010)\include\dxgitype.h(13): warning C4005: 'DXGI_STATUS_CLIPPED': macro redefinition
  c:\program files (x86)\windows kits\10\include\10.0.14393.0\shared\winerror.h(52400): note: see previous definition of 'DXGI_STATUS_CLIPPED'
c:\program files (x86)\microsoft directx sdk (june 2010)\include\dxgitype.h(14): warning C4005: 'DXGI_STATUS_NO_REDIRECTION': macro redefinition
  c:\program files (x86)\windows kits\10\include\10.0.14393.0\shared\winerror.h(52409): note: see previous definition of 'DXGI_STATUS_NO_REDIRECTION'
c:\program files (x86)\microsoft directx sdk (june 2010)\include\dxgitype.h(15): warning C4005: 'DXGI_STATUS_NO_DESKTOP_ACCESS': macro redefinition
  c:\program files (x86)\windows kits\10\include\10.0.14393.0\shared\winerror.h(52418): note: see previous definition of 'DXGI_STATUS_NO_DESKTOP_ACCESS'
c:\program files (x86)\microsoft directx sdk (june 2010)\include\dxgitype.h(16): warning C4005: 'DXGI_STATUS_GRAPHICS_VIDPN_SOURCE_IN_USE': macro redefinition
  c:\program files (x86)\windows kits\10\include\10.0.14393.0\shared\winerror.h(52427): note: see previous definition of 'DXGI_STATUS_GRAPHICS_VIDPN_SOURCE_IN_USE'
c:\program files (x86)\microsoft directx sdk (june 2010)\include\dxgitype.h(17): warning C4005: 'DXGI_STATUS_MODE_CHANGED': macro redefinition
  c:\program files (x86)\windows kits\10\include\10.0.14393.0\shared\winerror.h(52436): note: see previous definition of 'DXGI_STATUS_MODE_CHANGED'
c:\program files (x86)\microsoft directx sdk (june 2010)\include\dxgitype.h(18): warning C4005: 'DXGI_STATUS_MODE_CHANGE_IN_PROGRESS': macro redefinition
  c:\program files (x86)\windows kits\10\include\10.0.14393.0\shared\winerror.h(52445): note: see previous definition of 'DXGI_STATUS_MODE_CHANGE_IN_PROGRESS'
c:\program files (x86)\microsoft directx sdk (june 2010)\include\dxgitype.h(21): warning C4005: 'DXGI_ERROR_INVALID_CALL': macro redefinition
  c:\program files (x86)\windows kits\10\include\10.0.14393.0\shared\winerror.h(52460): note: see previous definition of 'DXGI_ERROR_INVALID_CALL'
c:\program files (x86)\microsoft directx sdk (june 2010)\include\dxgitype.h(22): warning C4005: 'DXGI_ERROR_NOT_FOUND': macro redefinition
  c:\program files (x86)\windows kits\10\include\10.0.14393.0\shared\winerror.h(52469): note: see previous definition of 'DXGI_ERROR_NOT_FOUND'
c:\program files (x86)\microsoft directx sdk (june 2010)\include\dxgitype.h(23): warning C4005: 'DXGI_ERROR_MORE_DATA': macro redefinition
  c:\program files (x86)\windows kits\10\include\10.0.14393.0\shared\winerror.h(52478): note: see previous definition of 'DXGI_ERROR_MORE_DATA'
c:\program files (x86)\microsoft directx sdk (june 2010)\include\dxgitype.h(24): warning C4005: 'DXGI_ERROR_UNSUPPORTED': macro redefinition
  c:\program files (x86)\windows kits\10\include\10.0.14393.0\shared\winerror.h(52487): note: see previous definition of 'DXGI_ERROR_UNSUPPORTED'
c:\program files (x86)\microsoft directx sdk (june 2010)\include\dxgitype.h(25): warning C4005: 'DXGI_ERROR_DEVICE_REMOVED': macro redefinition
  c:\program files (x86)\windows kits\10\include\10.0.14393.0\shared\winerror.h(52496): note: see previous definition of 'DXGI_ERROR_DEVICE_REMOVED'
c:\program files (x86)\microsoft directx sdk (june 2010)\include\dxgitype.h(26): warning C4005: 'DXGI_ERROR_DEVICE_HUNG': macro redefinition
  c:\program files (x86)\windows kits\10\include\10.0.14393.0\shared\winerror.h(52505): note: see previous definition of 'DXGI_ERROR_DEVICE_HUNG'
c:\program files (x86)\microsoft directx sdk (june 2010)\include\dxgitype.h(27): warning C4005: 'DXGI_ERROR_DEVICE_RESET': macro redefinition
  c:\program files (x86)\windows kits\10\include\10.0.14393.0\shared\winerror.h(52515): note: see previous definition of 'DXGI_ERROR_DEVICE_RESET'
c:\program files (x86)\microsoft directx sdk (june 2010)\include\dxgitype.h(28): warning C4005: 'DXGI_ERROR_WAS_STILL_DRAWING': macro redefinition
  c:\program files (x86)\windows kits\10\include\10.0.14393.0\shared\winerror.h(52524): note: see previous definition of 'DXGI_ERROR_WAS_STILL_DRAWING'
c:\program files (x86)\microsoft directx sdk (june 2010)\include\dxgitype.h(29): warning C4005: 'DXGI_ERROR_FRAME_STATISTICS_DISJOINT': macro redefinition
  c:\program files (x86)\windows kits\10\include\10.0.14393.0\shared\winerror.h(52534): note: see previous definition of 'DXGI_ERROR_FRAME_STATISTICS_DISJOINT'
c:\program files (x86)\microsoft directx sdk (june 2010)\include\dxgitype.h(30): warning C4005: 'DXGI_ERROR_GRAPHICS_VIDPN_SOURCE_IN_USE': macro redefinition
  c:\program files (x86)\windows kits\10\include\10.0.14393.0\shared\winerror.h(52543): note: see previous definition of 'DXGI_ERROR_GRAPHICS_VIDPN_SOURCE_IN_USE'
c:\program files (x86)\microsoft directx sdk (june 2010)\include\dxgitype.h(31): warning C4005: 'DXGI_ERROR_DRIVER_INTERNAL_ERROR': macro redefinition
  c:\program files (x86)\windows kits\10\include\10.0.14393.0\shared\winerror.h(52553): note: see previous definition of 'DXGI_ERROR_DRIVER_INTERNAL_ERROR'
c:\program files (x86)\microsoft directx sdk (june 2010)\include\dxgitype.h(32): warning C4005: 'DXGI_ERROR_NONEXCLUSIVE': macro redefinition
  c:\program files (x86)\windows kits\10\include\10.0.14393.0\shared\winerror.h(52562): note: see previous definition of 'DXGI_ERROR_NONEXCLUSIVE'
c:\program files (x86)\microsoft directx sdk (june 2010)\include\dxgitype.h(33): warning C4005: 'DXGI_ERROR_NOT_CURRENTLY_AVAILABLE': macro redefinition
  c:\program files (x86)\windows kits\10\include\10.0.14393.0\shared\winerror.h(52571): note: see previous definition of 'DXGI_ERROR_NOT_CURRENTLY_AVAILABLE'
c:\program files (x86)\microsoft directx sdk (june 2010)\include\dxgitype.h(34): warning C4005: 'DXGI_ERROR_REMOTE_CLIENT_DISCONNECTED': macro redefinition
  c:\program files (x86)\windows kits\10\include\10.0.14393.0\shared\winerror.h(52581): note: see previous definition of 'DXGI_ERROR_REMOTE_CLIENT_DISCONNECTED'
c:\program files (x86)\microsoft directx sdk (june 2010)\include\dxgitype.h(35): warning C4005: 'DXGI_ERROR_REMOTE_OUTOFMEMORY': macro redefinition
  c:\program files (x86)\windows kits\10\include\10.0.14393.0\shared\winerror.h(52590): note: see previous definition of 'DXGI_ERROR_REMOTE_OUTOFMEMORY'
c:\program files (x86)\microsoft directx sdk (june 2010)\include\d3d10.h(608): warning C4005: 'D3D10_ERROR_TOO_MANY_UNIQUE_STATE_OBJECTS': macro redefinition
  c:\program files (x86)\windows kits\10\include\10.0.14393.0\shared\winerror.h(52771): note: see previous definition of 'D3D10_ERROR_TOO_MANY_UNIQUE_STATE_OBJECTS'
c:\program files (x86)\microsoft directx sdk (june 2010)\include\d3d10.h(609): warning C4005: 'D3D10_ERROR_FILE_NOT_FOUND': macro redefinition
  c:\program files (x86)\windows kits\10\include\10.0.14393.0\shared\winerror.h(52780): note: see previous definition of 'D3D10_ERROR_FILE_NOT_FOUND'
c:\users\tim\documents\visual studio projects\softwarerasterizer\common\math.h(214): warning C4244: '=': conversion from 'LONG' to 'float', possible loss of data
c:\users\tim\documents\visual studio projects\softwarerasterizer\common\bitmapimage.h(4): warning C4067: unexpected tokens following preprocessor directive - expected a newline
c:\users\tim\documents\visual studio projects\softwarerasterizer\common\font.h(5): warning C4067: unexpected tokens following preprocessor directive - expected a newline
c:\users\tim\documents\visual studio projects\softwarerasterizer\common\userinterface.cpp(410): warning C4018: '>=': signed/unsigned mismatch
c:\users\tim\documents\visual studio projects\softwarerasterizer\common\userinterface.cpp(432): warning C4018: '>': signed/unsigned mismatch
c:\users\tim\documents\visual studio projects\softwarerasterizer\common\userinterface.cpp(620): warning C4101: 'titlePitch': unreferenced local variable
c:\users\tim\documents\visual studio projects\softwarerasterizer\common\userinterface.cpp(619): warning C4101: 'titleFrameMem': unreferenced local variable
c:\users\tim\documents\visual studio projects\softwarerasterizer\common\userinterface.cpp(621): warning C4101: 'titleHeight': unreferenced local variable
c:\users\tim\documents\visual studio projects\softwarerasterizer\common\userinterface.cpp(680): warning C4018: '<': signed/unsigned mismatch
c:\users\tim\documents\visual studio projects\softwarerasterizer\common\userinterface.cpp(703): warning C4018: '<': signed/unsigned mismatch
c:\users\tim\documents\visual studio projects\softwarerasterizer\common\userinterface.cpp(736): warning C4018: '<': signed/unsigned mismatch
c:\users\tim\documents\visual studio projects\softwarerasterizer\common\userinterface.cpp(762): warning C4018: '<': signed/unsigned mismatch
c:\users\tim\documents\visual studio projects\softwarerasterizer\common\userinterface.cpp(798): warning C4018: '<': signed/unsigned mismatch
c:\users\tim\documents\visual studio projects\softwarerasterizer\common\userinterface.cpp(885): warning C4018: '<': signed/unsigned mismatch
c:\users\tim\documents\visual studio projects\softwarerasterizer\common\userinterface.cpp(969): warning C4018: '<': signed/unsigned mismatch
c:\users\tim\documents\visual studio projects\softwarerasterizer\common\userinterface.cpp(1010): warning C4018: '<': signed/unsigned mismatch
c:\users\tim\documents\visual studio projects\softwarerasterizer\common\userinterface.cpp(1113): warning C4018: '<': signed/unsigned mismatch
c:\users\tim\documents\visual studio projects\softwarerasterizer\common\userinterface.cpp(1197): warning C4018: '<': signed/unsigned mismatch
c:\users\tim\documents\visual studio projects\softwarerasterizer\common\userinterface.cpp(1239): warning C4018: '<': signed/unsigned mismatch
c:\users\tim\documents\visual studio projects\softwarerasterizer\common\userinterface.cpp(1389): warning C4018: '<': signed/unsigned mismatch
c:\users\tim\documents\visual studio projects\softwarerasterizer\common\userinterface.cpp(1412): warning C4018: '<': signed/unsigned mismatch
c:\users\tim\documents\visual studio projects\softwarerasterizer\common\userinterface.cpp(1584): warning C4018: '>': signed/unsigned mismatch
c:\users\tim\documents\visual studio projects\softwarerasterizer\common\userinterface.cpp(1616): warning C4101: 'clRct': unreferenced local variable
c:\users\tim\documents\visual studio projects\softwarerasterizer\common\userinterface.cpp(2228): warning C4018: '<': signed/unsigned mismatch
c:\users\tim\documents\visual studio projects\softwarerasterizer\common\userinterface.cpp(2364): warning C4018: '<': signed/unsigned mismatch
c:\users\tim\documents\visual studio projects\softwarerasterizer\common\userinterface.cpp(3464): warning C4018: '<': signed/unsigned mismatch
c:\users\tim\documents\visual studio projects\softwarerasterizer\common\userinterface.cpp(3482): warning C4018: '<': signed/unsigned mismatch
  Font.cpp
c:\users\tim\documents\visual studio projects\softwarerasterizer\common\font.h(5): warning C4067: unexpected tokens following preprocessor directive - expected a newline
c:\users\tim\documents\visual studio projects\softwarerasterizer\common\math.h(214): warning C4244: '=': conversion from 'LONG' to 'float', possible loss of data
c:\users\tim\documents\visual studio projects\softwarerasterizer\common\math.h(215): warning C4244: '=': conversion from 'LONG' to 'float', possible loss of data
c:\users\tim\documents\visual studio projects\softwarerasterizer\common\math.h(216): warning C4244: '=': conversion from 'LONG' to 'float', possible loss of data
c:\users\tim\documents\visual studio projects\softwarerasterizer\common\math.h(217): warning C4244: '=': conversion from 'LONG' to 'float', possible loss of data
c:\users\tim\documents\visual studio projects\softwarerasterizer\common\math.h(241): warning C4244: '=': conversion from 'LONG' to 'float', possible loss of data
c:\users\tim\documents\visual studio projects\softwarerasterizer\common\math.h(242): warning C4244: '=': conversion from 'LONG' to 'float', possible loss of data
c:\users\tim\documents\visual studio projects\softwarerasterizer\common\math.h(243): warning C4244: '=': conversion from 'LONG' to 'float', possible loss of data
c:\users\tim\documents\visual studio projects\softwarerasterizer\common\math.h(244): warning C4244: '=': conversion from 'LONG' to 'float', possible loss of data
c:\users\tim\documents\visual studio projects\softwarerasterizer\common\bitmapimage.h(4): warning C4067: unexpected tokens following preprocessor directive - expected a newline
c:\program files (x86)\microsoft directx sdk (june 2010)\include\dxgitype.h(12): warning C4005: 'DXGI_STATUS_OCCLUDED': macro redefinition
  c:\program files (x86)\windows kits\10\include\10.0.14393.0\shared\winerror.h(52391): note: see previous definition of 'DXGI_STATUS_OCCLUDED'
c:\program files (x86)\microsoft directx sdk (june 2010)\include\dxgitype.h(13): warning C4005: 'DXGI_STATUS_CLIPPED': macro redefinition
  c:\program files (x86)\windows kits\10\include\10.0.14393.0\shared\winerror.h(52400): note: see previous definition of 'DXGI_STATUS_CLIPPED'
c:\program files (x86)\microsoft directx sdk (june 2010)\include\dxgitype.h(14): warning C4005: 'DXGI_STATUS_NO_REDIRECTION': macro redefinition
  c:\program files (x86)\windows kits\10\include\10.0.14393.0\shared\winerror.h(52409): note: see previous definition of 'DXGI_STATUS_NO_REDIRECTION'
c:\program files (x86)\microsoft directx sdk (june 2010)\include\dxgitype.h(15): warning C4005: 'DXGI_STATUS_NO_DESKTOP_ACCESS': macro redefinition
  c:\program files (x86)\windows kits\10\include\10.0.14393.0\shared\winerror.h(52418): note: see previous definition of 'DXGI_STATUS_NO_DESKTOP_ACCESS'
c:\program files (x86)\microsoft directx sdk (june 2010)\include\dxgitype.h(16): warning C4005: 'DXGI_STATUS_GRAPHICS_VIDPN_SOURCE_IN_USE': macro redefinition
  c:\program files (x86)\windows kits\10\include\10.0.14393.0\shared\winerror.h(52427): note: see previous definition of 'DXGI_STATUS_GRAPHICS_VIDPN_SOURCE_IN_USE'
c:\program files (x86)\microsoft directx sdk (june 2010)\include\dxgitype.h(17): warning C4005: 'DXGI_STATUS_MODE_CHANGED': macro redefinition
  c:\program files (x86)\windows kits\10\include\10.0.14393.0\shared\winerror.h(52436): note: see previous definition of 'DXGI_STATUS_MODE_CHANGED'
c:\program files (x86)\microsoft directx sdk (june 2010)\include\dxgitype.h(18): warning C4005: 'DXGI_STATUS_MODE_CHANGE_IN_PROGRESS': macro redefinition
  c:\program files (x86)\windows kits\10\include\10.0.14393.0\shared\winerror.h(52445): note: see previous definition of 'DXGI_STATUS_MODE_CHANGE_IN_PROGRESS'
c:\program files (x86)\microsoft directx sdk (june 2010)\include\dxgitype.h(21): warning C4005: 'DXGI_ERROR_INVALID_CALL': macro redefinition
  c:\program files (x86)\windows kits\10\include\10.0.14393.0\shared\winerror.h(52460): note: see previous definition of 'DXGI_ERROR_INVALID_CALL'
c:\program files (x86)\microsoft directx sdk (june 2010)\include\dxgitype.h(22): warning C4005: 'DXGI_ERROR_NOT_FOUND': macro redefinition
  c:\program files (x86)\windows kits\10\include\10.0.14393.0\shared\winerror.h(52469): note: see previous definition of 'DXGI_ERROR_NOT_FOUND'
c:\program files (x86)\microsoft directx sdk (june 2010)\include\dxgitype.h(23): warning C4005: 'DXGI_ERROR_MORE_DATA': macro redefinition
  c:\program files (x86)\windows kits\10\include\10.0.14393.0\shared\winerror.h(52478): note: see previous definition of 'DXGI_ERROR_MORE_DATA'
c:\program files (x86)\microsoft directx sdk (june 2010)\include\dxgitype.h(24): warning C4005: 'DXGI_ERROR_UNSUPPORTED': macro redefinition
  c:\program files (x86)\windows kits\10\include\10.0.14393.0\shared\winerror.h(52487): note: see previous definition of 'DXGI_ERROR_UNSUPPORTED'
c:\program files (x86)\microsoft directx sdk (june 2010)\include\dxgitype.h(25): warning C4005: 'DXGI_ERROR_DEVICE_REMOVED': macro redefinition
  c:\program files (x86)\windows kits\10\include\10.0.14393.0\shared\winerror.h(52496): note: see previous definition of 'DXGI_ERROR_DEVICE_REMOVED'
c:\program files (x86)\microsoft directx sdk (june 2010)\include\dxgitype.h(26): warning C4005: 'DXGI_ERROR_DEVICE_HUNG': macro redefinition
  c:\program files (x86)\windows kits\10\include\10.0.14393.0\shared\winerror.h(52505): note: see previous definition of 'DXGI_ERROR_DEVICE_HUNG'
c:\program files (x86)\microsoft directx sdk (june 2010)\include\dxgitype.h(27): warning C4005: 'DXGI_ERROR_DEVICE_RESET': macro redefinition
  c:\program files (x86)\windows kits\10\include\10.0.14393.0\shared\winerror.h(52515): note: see previous definition of 'DXGI_ERROR_DEVICE_RESET'
c:\program files (x86)\microsoft directx sdk (june 2010)\include\dxgitype.h(28): warning C4005: 'DXGI_ERROR_WAS_STILL_DRAWING': macro redefinition
  c:\program files (x86)\windows kits\10\include\10.0.14393.0\shared\winerror.h(52524): note: see previous definition of 'DXGI_ERROR_WAS_STILL_DRAWING'
c:\program files (x86)\microsoft directx sdk (june 2010)\include\dxgitype.h(29): warning C4005: 'DXGI_ERROR_FRAME_STATISTICS_DISJOINT': macro redefinition
  c:\program files (x86)\windows kits\10\include\10.0.14393.0\shared\winerror.h(52534): note: see previous definition of 'DXGI_ERROR_FRAME_STATISTICS_DISJOINT'
c:\program files (x86)\microsoft directx sdk (june 2010)\include\dxgitype.h(30): warning C4005: 'DXGI_ERROR_GRAPHICS_VIDPN_SOURCE_IN_USE': macro redefinition
  c:\program files (x86)\windows kits\10\include\10.0.14393.0\shared\winerror.h(52543): note: see previous definition of 'DXGI_ERROR_GRAPHICS_VIDPN_SOURCE_IN_USE'
c:\program files (x86)\microsoft directx sdk (june 2010)\include\dxgitype.h(31): warning C4005: 'DXGI_ERROR_DRIVER_INTERNAL_ERROR': macro redefinition
  c:\program files (x86)\windows kits\10\include\10.0.14393.0\shared\winerror.h(52553): note: see previous definition of 'DXGI_ERROR_DRIVER_INTERNAL_ERROR'
c:\program files (x86)\microsoft directx sdk (june 2010)\include\dxgitype.h(32): warning C4005: 'DXGI_ERROR_NONEXCLUSIVE': macro redefinition
  c:\program files (x86)\windows kits\10\include\10.0.14393.0\shared\winerror.h(52562): note: see previous definition of 'DXGI_ERROR_NONEXCLUSIVE'
c:\program files (x86)\microsoft directx sdk (june 2010)\include\dxgitype.h(33): warning C4005: 'DXGI_ERROR_NOT_CURRENTLY_AVAILABLE': macro redefinition
  c:\program files (x86)\windows kits\10\include\10.0.14393.0\shared\winerror.h(52571): note: see previous definition of 'DXGI_ERROR_NOT_CURRENTLY_AVAILABLE'
c:\program files (x86)\microsoft directx sdk (june 2010)\include\dxgitype.h(34): warning C4005: 'DXGI_ERROR_REMOTE_CLIENT_DISCONNECTED': macro redefinition
  c:\program files (x86)\windows kits\10\include\10.0.14393.0\shared\winerror.h(52581): note: see previous definition of 'DXGI_ERROR_REMOTE_CLIENT_DISCONNECTED'
c:\program files (x86)\microsoft directx sdk (june 2010)\include\dxgitype.h(35): warning C4005: 'DXGI_ERROR_REMOTE_OUTOFMEMORY': macro redefinition
  c:\program files (x86)\windows kits\10\include\10.0.14393.0\shared\winerror.h(52590): note: see previous definition of 'DXGI_ERROR_REMOTE_OUTOFMEMORY'
c:\program files (x86)\microsoft directx sdk (june 2010)\include\d3d10.h(608): warning C4005: 'D3D10_ERROR_TOO_MANY_UNIQUE_STATE_OBJECTS': macro redefinition
  c:\program files (x86)\windows kits\10\include\10.0.14393.0\shared\winerror.h(52771): note: see previous definition of 'D3D10_ERROR_TOO_MANY_UNIQUE_STATE_OBJECTS'
c:\program files (x86)\microsoft directx sdk (june 2010)\include\d3d10.h(609): warning C4005: 'D3D10_ERROR_FILE_NOT_FOUND': macro redefinition
  c:\program files (x86)\windows kits\10\include\10.0.14393.0\shared\winerror.h(52780): note: see previous definition of 'D3D10_ERROR_FILE_NOT_FOUND'
  Generating Code...
c:\users\tim\documents\visual studio projects\softwarerasterizer\common\userinterface.cpp(917): warning C4715: 'UISelectionBox::OnLDown': not all control paths return a value
c:\users\tim\documents\visual studio projects\softwarerasterizer\common\userinterface.cpp(1143): warning C4715: 'UIDropdownMenu::OnLDown': not all control paths return a value
c:\users\tim\documents\visual studio projects\softwarerasterizer\common\userinterface.cpp(2348): warning C4715: 'UserInterface::GetElementByName': not all control paths return a value
  Common.vcxproj -> C:\Users\Tim\Documents\Visual Studio Projects\SoftwareRasterizer\Common\Debug\Common.lib
