c:\users\tim\documents\visual studio projects\softwarerasterizer\common\debug\common.pdb
c:\users\tim\documents\visual studio projects\softwarerasterizer\common\debug\common.idb
c:\users\tim\documents\visual studio projects\softwarerasterizer\common\debug\camera.obj
c:\users\tim\documents\visual studio projects\softwarerasterizer\common\debug\debugview.obj
c:\users\tim\documents\visual studio projects\softwarerasterizer\common\debug\eventlistener.obj
c:\users\tim\documents\visual studio projects\softwarerasterizer\common\debug\srmath.obj
c:\users\tim\documents\visual studio projects\softwarerasterizer\common\debug\timer.obj
c:\users\tim\documents\visual studio projects\softwarerasterizer\common\debug\vertex.obj
c:\users\tim\documents\visual studio projects\softwarerasterizer\common\debug\gameengine.obj
c:\users\tim\documents\visual studio projects\softwarerasterizer\common\debug\resourcemanager.obj
c:\users\tim\documents\visual studio projects\softwarerasterizer\common\debug\shapes.obj
c:\users\tim\documents\visual studio projects\softwarerasterizer\common\debug\softwarerasterizer.obj
c:\users\tim\documents\visual studio projects\softwarerasterizer\common\debug\userinterface.obj
c:\users\tim\documents\visual studio projects\softwarerasterizer\common\debug\testrenderer.obj
c:\users\tim\documents\visual studio projects\softwarerasterizer\common\debug\bitmapfile.obj
c:\users\tim\documents\visual studio projects\softwarerasterizer\common\debug\bitmapimage.obj
c:\users\tim\documents\visual studio projects\softwarerasterizer\common\debug\font.obj
c:\users\tim\documents\visual studio projects\softwarerasterizer\common\debug\math.obj
c:\users\tim\documents\visual studio projects\softwarerasterizer\common\debug\imagemanager.obj
c:\users\tim\documents\visual studio projects\softwarerasterizer\common\debug\common.lib
c:\users\tim\documents\visual studio projects\softwarerasterizer\common\debug\common.tlog\cl.command.1.tlog
c:\users\tim\documents\visual studio projects\softwarerasterizer\common\debug\common.tlog\cl.read.1.tlog
c:\users\tim\documents\visual studio projects\softwarerasterizer\common\debug\common.tlog\cl.write.1.tlog
c:\users\tim\documents\visual studio projects\softwarerasterizer\common\debug\common.tlog\lib-link.read.1.tlog
c:\users\tim\documents\visual studio projects\softwarerasterizer\common\debug\common.tlog\lib-link.write.1.tlog
c:\users\tim\documents\visual studio projects\softwarerasterizer\common\debug\common.tlog\lib.command.1.tlog
